2019-04-12 16:03:48.638  INFO 29764 --- [restartedMain] c.h.j.JerryWebSpiderApplication          : Starting JerryWebSpiderApplication on DESKTOP-F35AVCR with PID 29764 (D:\WorkSpace\javaSpider\jerryWebSpider\target\classes started by SakuraEzra in D:\WorkSpace\javaSpider)
2019-04-12 16:03:48.640  INFO 29764 --- [restartedMain] c.h.j.JerryWebSpiderApplication          : The following profiles are active: dev
2019-04-12 16:03:48.711  INFO 29764 --- [restartedMain] ConfigServletWebServerApplicationContext : Refreshing org.springframework.boot.web.servlet.context.AnnotationConfigServletWebServerApplicationContext@19b82b01: startup date [Fri Apr 12 16:03:48 CST 2019]; root of context hierarchy
2019-04-12 16:03:51.311  INFO 29764 --- [restartedMain] trationDelegate$BeanPostProcessorChecker : Bean 'org.springframework.transaction.annotation.ProxyTransactionManagementConfiguration' of type [org.springframework.transaction.annotation.ProxyTransactionManagementConfiguration$$EnhancerBySpringCGLIB$$75200bed] is not eligible for getting processed by all BeanPostProcessors (for example: not eligible for auto-proxying)
2019-04-12 16:03:51.945  INFO 29764 --- [restartedMain] o.s.b.w.embedded.tomcat.TomcatWebServer  : Tomcat initialized with port(s): 8088 (http)
2019-04-12 16:03:51.971  INFO 29764 --- [restartedMain] o.apache.catalina.core.StandardService   : Starting service [Tomcat]
2019-04-12 16:03:51.972  INFO 29764 --- [restartedMain] org.apache.catalina.core.StandardEngine  : Starting Servlet Engine: Apache Tomcat/8.5.32
2019-04-12 16:03:51.977  INFO 29764 --- [localhost-startStop-1] o.a.catalina.core.AprLifecycleListener   : The APR based Apache Tomcat Native library which allows optimal performance in production environments was not found on the java.library.path: [D:\Program Files\Java\jdk1.8.0_171\bin;C:\Windows\Sun\Java\bin;C:\Windows\system32;C:\Windows;C:;D:\Program Files\Java\jdk1.8.0_171\bin;D:\Program Files\Java\jdk1.8.0_171\jre\bin;\Program Files (x86)\Common Files\Oracle\Java\javapath;C:\Windows\system32;C:\Windows;C:\Windows\System32\Wbem;C:\Windows\System32\WindowsPowerShell\v1.0\;C:\Windows\System32\OpenSSH\;E:\environment\apache-maven-3.6.0-bin\apache-maven-3.6.0\bin;D:\Program Files\Git\cmd;E:\environment\mysql-5.7.24-winx64\mysql-5.7.24-winx64\bin;D:\Program Files\nodejs\;C:\Users\65430\AppData\Local\Microsoft\WindowsApps;C:\Users\65430\AppData\Roaming\npm;.]
2019-04-12 16:03:52.089  INFO 29764 --- [localhost-startStop-1] o.a.c.c.C.[Tomcat].[localhost].[/]       : Initializing Spring embedded WebApplicationContext
2019-04-12 16:03:52.089  INFO 29764 --- [localhost-startStop-1] o.s.web.context.ContextLoader            : Root WebApplicationContext: initialization completed in 3378 ms
2019-04-12 16:03:52.157  INFO 29764 --- [localhost-startStop-1] o.s.b.w.servlet.ServletRegistrationBean  : Servlet dispatcherServlet mapped to [/]
2019-04-12 16:03:52.162  INFO 29764 --- [localhost-startStop-1] o.s.b.w.servlet.FilterRegistrationBean   : Mapping filter: 'characterEncodingFilter' to: [/*]
2019-04-12 16:03:52.162  INFO 29764 --- [localhost-startStop-1] o.s.b.w.servlet.FilterRegistrationBean   : Mapping filter: 'hiddenHttpMethodFilter' to: [/*]
2019-04-12 16:03:52.162  INFO 29764 --- [localhost-startStop-1] o.s.b.w.servlet.FilterRegistrationBean   : Mapping filter: 'httpPutFormContentFilter' to: [/*]
2019-04-12 16:03:52.162  INFO 29764 --- [localhost-startStop-1] o.s.b.w.servlet.FilterRegistrationBean   : Mapping filter: 'requestContextFilter' to: [/*]
2019-04-12 16:03:52.315  INFO 29764 --- [restartedMain] com.zaxxer.hikari.HikariDataSource       : HikariPool-1 - Starting...
2019-04-12 16:03:52.555  INFO 29764 --- [restartedMain] com.zaxxer.hikari.HikariDataSource       : HikariPool-1 - Start completed.
2019-04-12 16:03:52.605  INFO 29764 --- [restartedMain] j.LocalContainerEntityManagerFactoryBean : Building JPA container EntityManagerFactory for persistence unit 'default'
2019-04-12 16:03:53.529  INFO 29764 --- [restartedMain] j.LocalContainerEntityManagerFactoryBean : Initialized JPA EntityManagerFactory for persistence unit 'default'
2019-04-12 16:03:54.141  INFO 29764 --- [restartedMain] o.s.w.s.handler.SimpleUrlHandlerMapping  : Mapped URL path [/**/favicon.ico] onto handler of type [class org.springframework.web.servlet.resource.ResourceHttpRequestHandler]
2019-04-12 16:03:54.449  INFO 29764 --- [restartedMain] s.w.s.m.m.a.RequestMappingHandlerAdapter : Looking for @ControllerAdvice: org.springframework.boot.web.servlet.context.AnnotationConfigServletWebServerApplicationContext@19b82b01: startup date [Fri Apr 12 16:03:48 CST 2019]; root of context hierarchy
2019-04-12 16:03:54.488  WARN 29764 --- [restartedMain] aWebConfiguration$JpaWebMvcConfiguration : spring.jpa.open-in-view is enabled by default. Therefore, database queries may be performed during view rendering. Explicitly configure spring.jpa.open-in-view to disable this warning
2019-04-12 16:03:54.524  INFO 29764 --- [restartedMain] s.w.s.m.m.a.RequestMappingHandlerMapping : Mapped "{[/lesheAlbumSpider/startDownLoadImage]}" onto public org.springframework.web.context.request.async.DeferredResult com.hytcshare.jerrywebspider.controller.lesheAlbumSpiderController.startDownLoadImageZipPackage()
2019-04-12 16:03:54.525  INFO 29764 --- [restartedMain] s.w.s.m.m.a.RequestMappingHandlerMapping : Mapped "{[/lesheAlbumSpider/startSpider]}" onto public org.springframework.web.context.request.async.DeferredResult com.hytcshare.jerrywebspider.controller.lesheAlbumSpiderController.startSpider()
2019-04-12 16:03:54.527  INFO 29764 --- [restartedMain] s.w.s.m.m.a.RequestMappingHandlerMapping : Mapped "{[/tuwanAlbumSpider/startDownLoadImage]}" onto public org.springframework.web.context.request.async.DeferredResult com.hytcshare.jerrywebspider.controller.TuwanAlbumSpiderController.startDownLoadImageZipPackage(java.lang.Integer,java.lang.Integer)
2019-04-12 16:03:54.528  INFO 29764 --- [restartedMain] s.w.s.m.m.a.RequestMappingHandlerMapping : Mapped "{[/tuwanAlbumSpider/startSpider]}" onto public org.springframework.web.context.request.async.DeferredResult com.hytcshare.jerrywebspider.controller.TuwanAlbumSpiderController.startSpider(java.lang.Integer,java.lang.Integer)
2019-04-12 16:03:54.532  INFO 29764 --- [restartedMain] s.w.s.m.m.a.RequestMappingHandlerMapping : Mapped "{[/error]}" onto public org.springframework.http.ResponseEntity<java.util.Map<java.lang.String, java.lang.Object>> org.springframework.boot.autoconfigure.web.servlet.error.BasicErrorController.error(javax.servlet.http.HttpServletRequest)
2019-04-12 16:03:54.533  INFO 29764 --- [restartedMain] s.w.s.m.m.a.RequestMappingHandlerMapping : Mapped "{[/error],produces=[text/html]}" onto public org.springframework.web.servlet.ModelAndView org.springframework.boot.autoconfigure.web.servlet.error.BasicErrorController.errorHtml(javax.servlet.http.HttpServletRequest,javax.servlet.http.HttpServletResponse)
2019-04-12 16:03:54.569  INFO 29764 --- [restartedMain] o.s.w.s.handler.SimpleUrlHandlerMapping  : Mapped URL path [/webjars/**] onto handler of type [class org.springframework.web.servlet.resource.ResourceHttpRequestHandler]
2019-04-12 16:03:54.569  INFO 29764 --- [restartedMain] o.s.w.s.handler.SimpleUrlHandlerMapping  : Mapped URL path [/**] onto handler of type [class org.springframework.web.servlet.resource.ResourceHttpRequestHandler]
2019-04-12 16:03:54.900  INFO 29764 --- [restartedMain] o.s.b.d.a.OptionalLiveReloadServer       : LiveReload server is running on port 35729
2019-04-12 16:03:54.936  INFO 29764 --- [restartedMain] o.s.j.e.a.AnnotationMBeanExporter        : Registering beans for JMX exposure on startup
2019-04-12 16:03:54.938  INFO 29764 --- [restartedMain] o.s.j.e.a.AnnotationMBeanExporter        : Bean with name 'dataSource' has been autodetected for JMX exposure
2019-04-12 16:03:54.945  INFO 29764 --- [restartedMain] o.s.j.e.a.AnnotationMBeanExporter        : Located MBean 'dataSource': registering with JMX server as MBean [com.zaxxer.hikari:name=dataSource,type=HikariDataSource]
2019-04-12 16:03:54.984  INFO 29764 --- [restartedMain] o.s.b.w.embedded.tomcat.TomcatWebServer  : Tomcat started on port(s): 8088 (http) with context path ''
2019-04-12 16:03:54.988  INFO 29764 --- [restartedMain] c.h.j.JerryWebSpiderApplication          : Started JerryWebSpiderApplication in 6.93 seconds (JVM running for 8.773)
2019-04-12 16:04:00.355  INFO 29764 --- [http-nio-8088-exec-2] o.a.c.c.C.[Tomcat].[localhost].[/]       : Initializing Spring FrameworkServlet 'dispatcherServlet'
2019-04-12 16:04:00.355  INFO 29764 --- [http-nio-8088-exec-2] o.s.web.servlet.DispatcherServlet        : FrameworkServlet 'dispatcherServlet': initialization started
2019-04-12 16:04:00.387  INFO 29764 --- [http-nio-8088-exec-2] o.s.web.servlet.DispatcherServlet        : FrameworkServlet 'dispatcherServlet': initialization completed in 32 ms
2019-04-12 16:04:00.431  INFO 29764 --- [http-nio-8088-exec-2] c.h.j.c.TuwanAlbumSpiderController       : ************目标地址？or爬取的地址=https://api.tuwan.com/apps/Welfare/detail***************
2019-04-12 16:04:00.431  INFO 29764 --- [http-nio-8088-exec-2] c.h.j.c.TuwanAlbumSpiderController       : ************爬虫任务名=tuwanAlbumSpiderTask***************
2019-04-12 16:04:00.432  INFO 29764 --- [tuwanAlbumSpider-pool-0] c.h.j.task.TuwanAlbumSpiderTask          : tuwan album spider start！,爬虫开始
2019-04-12 16:04:01.577  INFO 29764 --- [tuwanAlbumSpider-pool-0] c.h.j.task.TuwanAlbumSpiderTask          : ----------index=1499------------
2019-04-12 16:04:01.819  INFO 29764 --- [tuwanAlbumSpider-pool-0] c.h.j.task.TuwanAlbumSpiderTask          : ******title=猫耳与少女*********
2019-04-12 16:04:01.868  INFO 29764 --- [tuwanAlbumSpider-pool-0] c.h.j.task.TuwanAlbumSpiderTask          : ************boolean=41***********
2019-04-12 16:04:01.999  INFO 29764 --- [tuwanAlbumSpider-pool-0] c.h.j.task.TuwanAlbumSpiderTask          : ----------index=1500------------
2019-04-12 16:04:02.000  INFO 29764 --- [tuwanAlbumSpider-pool-0] c.h.j.task.TuwanAlbumSpiderTask          : ******title=牛仔高跟鞋*********
2019-04-12 16:04:02.014  INFO 29764 --- [tuwanAlbumSpider-pool-0] c.h.j.task.TuwanAlbumSpiderTask          : *******thumbs=["http://img4.tuwandata.com/v3/thumb/jpg/MzQwNCwxNTgsMTU4LDksMywxLC0xLE5PTkUsLCw5MA==/u/GLDM9lMIBglnFv7YKftLBuGmQlonw4DtQfSp8DlfyUO7NQkYwTB5SfwwNssMAlnoaERQYETTshSyLjwyIHkoSemUsOiGS0m1rvljjeVHk3wz.jpg","http://img4.tuwandata.com/v3/thumb/jpg/NmRmMSwxNTgsMTU4LDksMywxLC0xLE5PTkUsLCw5MA==/u/GLDM9lMIBglnFv7YKftLBuGmQlonw4DtQfSp8DlfyUOrHcKLZkJ1tgekBFBX0LnGk7CtbaN35dohVm2emPJQHOLaKW6MqvnnPTHrtRTgGqB6.jpg","http://img4.tuwandata.com/v3/thumb/jpg/YTAyNSwxNTgsMTU4LDksMywxLC0xLE5PTkUsLCw5MA==/u/GLDM9lMIBglnFv7YKftLBuGmQlonw4DtQfSp8DlfyUOBQiBF4yFiHRamrYlt4kZexP7PlDmIwyHiNcDu0IpyDbOskVKb9w0TfGCGKIuoTgUp.jpg","http://img4.tuwandata.com/v3/thumb/jpg/ZTg3ZSwxNTgsMTU4LDksMywxLC0xLE5PTkUsLCw5MA==/u/GLDM9lMIBglnFv7YKftLBuGmQlonw4DtQfSp8DlfyUOAIrHc89fUDOB1xBIwcsy4nqG6gJL6imXv61QPS2Bc9OCXV3gGJyPne6KIzMvCmy0w.jpg","http://img4.tuwandata.com/v3/thumb/jpg/ZGYzYSwxNTgsMTU4LDksMywxLC0xLE5PTkUsLCw5MA==/u/GLDM9lMIBglnFv7YKftLBuGmQlonw4DtQfSp8DlfyUOeKXJ1YOEr5uN5q3RJ8MWzq01JYETHyqD9lJhpmZ9xECRdQbEMfbWRgDFRYe827P9T.jpg","http://img4.tuwandata.com/v3/thumb/jpg/ZWY0NiwxNTgsMTU4LDksMywxLC0xLE5PTkUsLCw5MA==/u/GLDM9lMIBglnFv7YKftLBuGmQlonw4DtQfSp8DlfyUOByw768RMBMf4R0iBPxftz61iBaZQZNBvYZvikGbWMwUdDDfmmDqcwzzBRbd4f65mX.jpg","http://img4.tuwandata.com/v3/thumb/jpg/MTE0ZiwxNTgsMTU4LDksMywxLC0xLE5PTkUsLCw5MA==/u/GLDM9lMIBglnFv7YKftLBuGmQlonw4DtQfSp8DlfyUOsRiAKequUCuMDaAOcxOSQpR2YsgpXsyVKzq0LZDyuGiGEVcGeifvz5kLLwsZFxvhQ.jpg","http://img4.tuwandata.com/v3/thumb/jpg/NjA0NiwxNTgsMTU4LDksMywxLC0xLE5PTkUsLCw5MA==/u/GLDM9lMIBglnFv7YKftLBuGmQlonw4DtQfSp8DlfyUOrMhHjy2pg0qQF3ww6UXgm02cYsuqY5E95Sjntg3CjFMMcz3dJ7z2NLulPyxxjQtYc.jpg","http://img4.tuwandata.com/v3/thumb/jpg/NTE3OSwxNTgsMTU4LDksMywxLC0xLE5PTkUsLCw5MA==/u/GLDM9lMIBglnFv7YKftLBuGmQlonw4DtQfSp8DlfyUOAFDv4MALmEOPtV03fY2dWYzzczyJ87PRDHSJQ9bW774W3bIXnhpnUN2EJseQJTnug.jpg","http://img4.tuwandata.com/v3/thumb/jpg/MGRkZSwxNTgsMTU4LDksMywxLC0xLE5PTkUsLCw5MA==/u/GLDM9lMIBglnFv7YKftLBuGmQlonw4DtQfSp8DlfyUO9SdZz6y8bWgCxalslxpiXur0usLOaiFEvmKdxC35fwmcyuWHyrS7hFEx9JVFBQxd8.jpg","http://img4.tuwandata.com/v3/thumb/jpg/ZTU5OSwxNTgsMTU4LDksMywxLC0xLE5PTkUsLCw5MA==/u/GLDM9lMIBglnFv7YKftLBuGmQlonw4DtQfSp8DlfyUOssB5keDG16IP88IadMGpGiB9FmPrqQohSEiQzFAevY43S5Q6pCFwEqQWHMrziToYi.jpg","http://img4.tuwandata.com/v3/thumb/jpg/OGJjOSwxNTgsMTU4LDksMywxLC0xLE5PTkUsLCw5MA==/u/GLDM9lMIBglnFv7YKftLBuGmQlonw4DtQfSp8DlfyUOAOlgVByktsWFGqO1yg8iIfbliC1a2jIx2fJZ8jtzRlFULMlvPR11OAux975rXtewM.jpg","http://img4.tuwandata.com/v3/thumb/jpg/NjYwMSwxNTgsMTU4LDksMywxLC0xLE5PTkUsLCw5MA==/u/GLDM9lMIBglnFv7YKftLBuGmQlonw4DtQfSp8DlfyUOBZ93X9ienpkFTA15H2oLlXpYFbNLNztKstqaAGzn4JvYaaYNm1uoahZqDUlObmRtD.jpg","http://img4.tuwandata.com/v3/thumb/jpg/OWZjOSwxNTgsMTU4LDksMywxLC0xLE5PTkUsLCw5MA==/u/GLDM9lMIBglnFv7YKftLBuGmQlonw4DtQfSp8DlfyUOsnaMt81Duy1qUzKyQaeO2ibVaMgZKnGrg54QNN32yfFjdlgmtnczPaV1a0V6KOxeR.jpg","http://img4.tuwandata.com/v3/thumb/jpg/ZWQ3NywxNTgsMTU4LDksMywxLC0xLE5PTkUsLCw5MA==/u/GLDM9lMIBglnFv7YKftLBuGmQlonw4DtQfSp8DlfyUOsWKpyitHc1eygKVaDDyGmeGuppwwqpSf3hpsWzsgrm4ZuIYrRvUCe7eCu4XrGXjfr.jpg","http://img4.tuwandata.com/v3/thumb/jpg/NzZhNSwxNTgsMTU4LDksMywxLC0xLE5PTkUsLCw5MA==/u/GLDM9lMIBglnFv7YKftLBuGmQlonw4DtQfSp8DlfyUOs9GGKlRjZY2pMg3tKh7YD8xqPlIUsCZONv8K5aIBzsJDgrmMKa3XSzTZv3KSIkslk.jpg","http://img4.tuwandata.com/v3/thumb/jpg/MzkxYSwxNTgsMTU4LDksMywxLC0xLE5PTkUsLCw5MA==/u/GLDM9lMIBglnFv7YKftLBuGmQlonw4DtQfSp8DlfyUO9ntE3Ol14PvMGsuSEhfqOlx55dGD6co47Qf8pOu0n4hILKJ3ixZQyTrCEBXpowBTn.jpg","http://img4.tuwandata.com/v3/thumb/jpg/ODk0MiwxNTgsMTU4LDksMywxLC0xLE5PTkUsLCw5MA==/u/GLDM9lMIBglnFv7YKftLBuGmQlonw4DtQfSp8DlfyUO9S8VCM9CfGRy9EoNpLBp7EXcf6rB7Qnk2gXpUIAvrtEvXwjtKWgKpOwXaEiSmLbNe.jpg","http://img4.tuwandata.com/v3/thumb/jpg/OGUyOCwxNTgsMTU4LDksMywxLC0xLE5PTkUsLCw5MA==/u/GLDM9lMIBglnFv7YKftLBuGmQlonw4DtQfSp8DlfyUO7CXRRufvBFq1ndGoEp8RP9dDrhbyLk4CgsSpoj6MnP5wCghEEPXnK2bg7bvUa1rfg.jpg","http://img4.tuwandata.com/v3/thumb/jpg/OTc5NSwxNTgsMTU4LDksMywxLC0xLE5PTkUsLCw5MA==/u/GLDM9lMIBglnFv7YKftLBuGmQlonw4DtQfSp8DlfyUOrU0Xw9ORQKg3O1Pqput8lfHs2OVONZgcFA4nRPbD0zwaknEJovuL0bA0QHvGiifEd.jpg","http://img4.tuwandata.com/v3/thumb/jpg/YzU4OCwxNTgsMTU4LDksMywxLC0xLE5PTkUsLCw5MA==/u/GLDM9lMIBglnFv7YKftLBuGmQlonw4DtQfSp8DlfyUO9IhENUwU6qtIIRP7LKJduK4RqmzGhbMQ18ozlPUJBI8vm4y3XUhNMoWqlrfdeWrIN.jpg","http://img4.tuwandata.com/v3/thumb/jpg/ZjFiNiwxNTgsMTU4LDksMywxLC0xLE5PTkUsLCw5MA==/u/GLDM9lMIBglnFv7YKftLBuGmQlonw4DtQfSp8DlfyUO9Cn1uvG9ip28Wau5kDvbs9BXxr2TKXsLQPeiQSNNQVJP4VMwpmpGFHmxZx8cbymb4.jpg","http://img4.tuwandata.com/v3/thumb/jpg/MWNmYiwxNTgsMTU4LDksMywxLC0xLE5PTkUsLCw5MA==/u/GLDM9lMIBglnFv7YKftLBuGmQlonw4DtQfSp8DlfyUOtRcNaLTTtIb5wF9LvTEVckVnxMq7QrmfpQkMVylyMEJNl775up41wIIz9NzuVyZIj.jpg","http://img4.tuwandata.com/v3/thumb/jpg/MzA0NSwxNTgsMTU4LDksMywxLC0xLE5PTkUsLCw5MA==/u/GLDM9lMIBglnFv7YKftLBuGmQlonw4DtQfSp8DlfyUOrsdk7RuN5WJlAi3aDQeTEXtAXpm2Lafdvqfgl8DNvb9JUqOjJDPwGY1O6zxjOzUzE.jpg","http://img4.tuwandata.com/v3/thumb/jpg/MjI3NSwxNTgsMTU4LDksMywxLC0xLE5PTkUsLCw5MA==/u/GLDM9lMIBglnFv7YKftLBuGmQlonw4DtQfSp8DlfyUOt2pGUUcflY18YqrbmkIEWU5QzJ7uVv6EZAT1cWNU6UxYNz6pbU9A7kssNIk5b9F2E.jpg","http://img4.tuwandata.com/v3/thumb/jpg/Y2JmYSwxNTgsMTU4LDksMywxLC0xLE5PTkUsLCw5MA==/u/GLDM9lMIBglnFv7YKftLBuGmQlonw4DtQfSp8DlfyUOeqgpVxwL9oLL0AwmaWU7ACpJG3nYSgmB5a15hF7QSp5SJEo5yGhpJ5hE9SrttR3SY.jpg","http://img4.tuwandata.com/v3/thumb/jpg/ZTVmZiwxNTgsMTU4LDksMywxLC0xLE5PTkUsLCw5MA==/u/GLDM9lMIBglnFv7YKftLBuGmQlonw4DtQfSp8DlfyUOtp5jALPvjgGNAykq1OhNiL1GhMlTBM1t7CWyLjBWRJGT4siTRMsjuZmOi0dSkhyWG.jpg","http://img4.tuwandata.com/v3/thumb/jpg/NThiMiwxNTgsMTU4LDksMywxLC0xLE5PTkUsLCw5MA==/u/GLDM9lMIBglnFv7YKftLBuGmQlonw4DtQfSp8DlfyUOBNPNDxQjJ3wbzHG6nQK2bzAo5l3d3TnuZH2oDMvGGiul0hTecXc4DSqBVT8eRRRzB.jpg","http://img4.tuwandata.com/v3/thumb/jpg/ZDk1OCwxNTgsMTU4LDksMywxLC0xLE5PTkUsLCw5MA==/u/GLDM9lMIBglnFv7YKftLBuGmQlonw4DtQfSp8DlfyUOtya1hzSKm1YtcziHbWlWP29xISDTU4SkMMkaflUfqndluebGYMxGJmGegzEIDCIrI.jpg","http://img4.tuwandata.com/v3/thumb/jpg/MWYzNywxNTgsMTU4LDksMywxLC0xLE5PTkUsLCw5MA==/u/GLDM9lMIBglnFv7YKftLBuGmQlonw4DtQfSp8DlfyUOArf6UXyDt1c04F2aiBRkg6SXUV08EvGig7ODmRtyCW4h2IndPwKwTOuKoOEbd0RcO.jpg","http://img4.tuwandata.com/v3/thumb/jpg/ZmE2MywxNTgsMTU4LDksMywxLC0xLE5PTkUsLCw5MA==/u/GLDM9lMIBglnFv7YKftLBuGmQlonw4DtQfSp8DlfyUO7bla2BdYXAIE03mGnzOvVDPkVNCtWpbOFJVPmveDgieP2SC3T0HRGAIdtz3ZsTtwV.jpg","http://img4.tuwandata.com/v3/thumb/jpg/NDM5MywxNTgsMTU4LDksMywxLC0xLE5PTkUsLCw5MA==/u/GLDM9lMIBglnFv7YKftLBuGmQlonw4DtQfSp8DlfyUOBqZmqe4ZDxU0OsqAPRGDNGL3B8JW584cxLh4etpqjQnNtD2Zp1BTC6r8boSlGTzYC.jpg","http://img4.tuwandata.com/v3/thumb/jpg/YjE1NywxNTgsMTU4LDksMywxLC0xLE5PTkUsLCw5MA==/u/GLDM9lMIBglnFv7YKftLBuGmQlonw4DtQfSp8DlfyUOAVitAMpOh6sU9Mlb1sxyP8Mfb66R96mPPkl6Kp718aWAuM54qPb5L7HSfHOVaAALd.jpg","http://img4.tuwandata.com/v3/thumb/jpg/ZjU2MCwxNTgsMTU4LDksMywxLC0xLE5PTkUsLCw5MA==/u/GLDM9lMIBglnFv7YKftLBuGmQlonw4DtQfSp8DlfyUOBOxnoX8joidhOCxinINYEVYf3oam4RG6eAOfRNHqUuJRbfKyJCXxrrdLgHkddA093.jpg","http://img4.tuwandata.com/v3/thumb/jpg/MjA5ZSwxNTgsMTU4LDksMywxLC0xLE5PTkUsLCw5MA==/u/GLDM9lMIBglnFv7YKftLBuGmQlonw4DtQfSp8DlfyUOAb84ZpNZpKC58C0dD5EDyxXVx3mQW0YIYcdaPD0uQ9HxuPo8Mp2ZB79aK8T6oI635.jpg","http://img4.tuwandata.com/v3/thumb/jpg/ZWU4NSwxNTgsMTU4LDksMywxLC0xLE5PTkUsLCw5MA==/u/GLDM9lMIBglnFv7YKftLBuGmQlonw4DtQfSp8DlfyUOtRt32e5ornCDDRjtJx0GTjflNQHbvjdqlaSFCCt94kWl1TDeWJRm6s8PYrgPh9E5z.jpg","http://img4.tuwandata.com/v3/thumb/jpg/ZGMzZCwxNTgsMTU4LDksMywxLC0xLE5PTkUsLCw5MA==/u/GLDM9lMIBglnFv7YKftLBuGmQlonw4DtQfSp8DlfyUOtSGrKM1AbeEgJqwLPi5fGAKSuOb9kOzQBT5v2cObkCb5BbahZMqYkJj0eSCBMWJcW.jpg","http://img4.tuwandata.com/v3/thumb/jpg/YTc2ZiwxNTgsMTU4LDksMywxLC0xLE5PTkUsLCw5MA==/u/GLDM9lMIBglnFv7YKftLBuGmQlonw4DtQfSp8DlfyUOB0kQhyOD2Y0pOFya0k91IQeby29Rdz4s0LQy6SQmiO0GAMQEAmYYbTAC5S2hOuioD.jpg","http://img4.tuwandata.com/v3/thumb/jpg/NzJlYSwxNTgsMTU4LDksMywxLC0xLE5PTkUsLCw5MA==/u/GLDM9lMIBglnFv7YKftLBuGmQlonw4DtQfSp8DlfyUOAjJov2BI72YRoEbDXlhCC9FpEX63vv3v0DGJ62oxhHtYaqkVIGXZV8vDLs5tiLTmV.jpg","http://img4.tuwandata.com/v3/thumb/jpg/YThiNSwxNTgsMTU4LDksMywxLC0xLE5PTkUsLCw5MA==/u/GLDM9lMIBglnFv7YKftLBuGmQlonw4DtQfSp8DlfyUOtWboQT1F4u9kEciqMiYgdHH8C3jMuZlp5V2kGWeei8vOONB0DDbMxFSlOBsskyRCZ.jpg","http://img4.tuwandata.com/v3/thumb/jpg/MWYyNSwxNTgsMTU4LDksMywxLC0xLE5PTkUsLCw5MA==/u/GLDM9lMIBglnFv7YKftLBuGmQlonw4DtQfSp8DlfyUOBgve0SJdrwIGKMCJzzc1BnIIsVBw0jlhMZQN1sDu6yItyQrSESBHwLjOqNDAyc8ua.jpg","http://img4.tuwandata.com/v3/thumb/jpg/MGRlNCwxNTgsMTU4LDksMywxLC0xLE5PTkUsLCw5MA==/u/GLDM9lMIBglnFv7YKftLBuGmQlonw4DtQfSp8DlfyUOrE0hpqDRqwMrGuPblQOMHb42pW7RlQLDHbIxdLbVhez3Bp5MKr91vHorPxSBvlXPz.jpg"]***********
2019-04-12 16:04:02.022  INFO 29764 --- [tuwanAlbumSpider-pool-0] c.h.j.task.TuwanAlbumSpiderTask          : 获取到图片-------http://img4.tuwandata.com/v3/thumb/jpg/MzQwNCwwLDAsOSwzLDEsLTEsTk9ORSwsLDkw/u/GLDM9lMIBglnFv7YKftLBuGmQlonw4DtQfSp8DlfyUO7NQkYwTB5SfwwNssMAlnoaERQYETTshSyLjwyIHkoSemUsOiGS0m1rvljjeVHk3wz.jpg
2019-04-12 16:04:02.055  INFO 29764 --- [tuwanAlbumSpider-pool-0] c.h.j.task.TuwanAlbumSpiderTask          : 该图片爬取成功
2019-04-12 16:04:02.184  INFO 29764 --- [tuwanAlbumSpider-pool-0] c.h.j.task.TuwanAlbumSpiderTask          : 获取到图片-------http://img4.tuwandata.com/v3/thumb/jpg/NmRmMSwwLDAsOSwzLDEsLTEsTk9ORSwsLDkw/u/GLDM9lMIBglnFv7YKftLBuGmQlonw4DtQfSp8DlfyUOrHcKLZkJ1tgekBFBX0LnGk7CtbaN35dohVm2emPJQHOLaKW6MqvnnPTHrtRTgGqB6.jpg
2019-04-12 16:04:02.207  INFO 29764 --- [tuwanAlbumSpider-pool-0] c.h.j.task.TuwanAlbumSpiderTask          : 该图片爬取成功
2019-04-12 16:04:02.317  INFO 29764 --- [tuwanAlbumSpider-pool-0] c.h.j.task.TuwanAlbumSpiderTask          : 获取到图片-------http://img4.tuwandata.com/v3/thumb/jpg/YTAyNSwwLDAsOSwzLDEsLTEsTk9ORSwsLDkw/u/GLDM9lMIBglnFv7YKftLBuGmQlonw4DtQfSp8DlfyUOBQiBF4yFiHRamrYlt4kZexP7PlDmIwyHiNcDu0IpyDbOskVKb9w0TfGCGKIuoTgUp.jpg
2019-04-12 16:04:02.340  INFO 29764 --- [tuwanAlbumSpider-pool-0] c.h.j.task.TuwanAlbumSpiderTask          : 该图片爬取成功
2019-04-12 16:04:02.451  INFO 29764 --- [tuwanAlbumSpider-pool-0] c.h.j.task.TuwanAlbumSpiderTask          : 获取到图片-------http://img4.tuwandata.com/v3/thumb/jpg/ZTg3ZSwwLDAsOSwzLDEsLTEsTk9ORSwsLDkw/u/GLDM9lMIBglnFv7YKftLBuGmQlonw4DtQfSp8DlfyUOAIrHc89fUDOB1xBIwcsy4nqG6gJL6imXv61QPS2Bc9OCXV3gGJyPne6KIzMvCmy0w.jpg
2019-04-12 16:04:02.479  INFO 29764 --- [tuwanAlbumSpider-pool-0] c.h.j.task.TuwanAlbumSpiderTask          : 该图片爬取成功
2019-04-12 16:04:02.583  INFO 29764 --- [tuwanAlbumSpider-pool-0] c.h.j.task.TuwanAlbumSpiderTask          : 获取到图片-------http://img4.tuwandata.com/v3/thumb/jpg/ZGYzYSwwLDAsOSwzLDEsLTEsTk9ORSwsLDkw/u/GLDM9lMIBglnFv7YKftLBuGmQlonw4DtQfSp8DlfyUOeKXJ1YOEr5uN5q3RJ8MWzq01JYETHyqD9lJhpmZ9xECRdQbEMfbWRgDFRYe827P9T.jpg
2019-04-12 16:04:02.609  INFO 29764 --- [tuwanAlbumSpider-pool-0] c.h.j.task.TuwanAlbumSpiderTask          : 该图片爬取成功
2019-04-12 16:04:02.717  INFO 29764 --- [tuwanAlbumSpider-pool-0] c.h.j.task.TuwanAlbumSpiderTask          : 获取到图片-------http://img4.tuwandata.com/v3/thumb/jpg/ZWY0NiwwLDAsOSwzLDEsLTEsTk9ORSwsLDkw/u/GLDM9lMIBglnFv7YKftLBuGmQlonw4DtQfSp8DlfyUOByw768RMBMf4R0iBPxftz61iBaZQZNBvYZvikGbWMwUdDDfmmDqcwzzBRbd4f65mX.jpg
2019-04-12 16:04:02.741  INFO 29764 --- [tuwanAlbumSpider-pool-0] c.h.j.task.TuwanAlbumSpiderTask          : 该图片爬取成功
2019-04-12 16:04:02.850  INFO 29764 --- [tuwanAlbumSpider-pool-0] c.h.j.task.TuwanAlbumSpiderTask          : 获取到图片-------http://img4.tuwandata.com/v3/thumb/jpg/MTE0ZiwwLDAsOSwzLDEsLTEsTk9ORSwsLDkw/u/GLDM9lMIBglnFv7YKftLBuGmQlonw4DtQfSp8DlfyUOsRiAKequUCuMDaAOcxOSQpR2YsgpXsyVKzq0LZDyuGiGEVcGeifvz5kLLwsZFxvhQ.jpg
2019-04-12 16:04:02.877  INFO 29764 --- [tuwanAlbumSpider-pool-0] c.h.j.task.TuwanAlbumSpiderTask          : 该图片爬取成功
2019-04-12 16:04:02.983  INFO 29764 --- [tuwanAlbumSpider-pool-0] c.h.j.task.TuwanAlbumSpiderTask          : 获取到图片-------http://img4.tuwandata.com/v3/thumb/jpg/NjA0NiwwLDAsOSwzLDEsLTEsTk9ORSwsLDkw/u/GLDM9lMIBglnFv7YKftLBuGmQlonw4DtQfSp8DlfyUOrMhHjy2pg0qQF3ww6UXgm02cYsuqY5E95Sjntg3CjFMMcz3dJ7z2NLulPyxxjQtYc.jpg
2019-04-12 16:04:03.008  INFO 29764 --- [tuwanAlbumSpider-pool-0] c.h.j.task.TuwanAlbumSpiderTask          : 该图片爬取成功
2019-04-12 16:04:03.117  INFO 29764 --- [tuwanAlbumSpider-pool-0] c.h.j.task.TuwanAlbumSpiderTask          : 获取到图片-------http://img4.tuwandata.com/v3/thumb/jpg/NTE3OSwwLDAsOSwzLDEsLTEsTk9ORSwsLDkw/u/GLDM9lMIBglnFv7YKftLBuGmQlonw4DtQfSp8DlfyUOAFDv4MALmEOPtV03fY2dWYzzczyJ87PRDHSJQ9bW774W3bIXnhpnUN2EJseQJTnug.jpg
2019-04-12 16:04:03.142  INFO 29764 --- [tuwanAlbumSpider-pool-0] c.h.j.task.TuwanAlbumSpiderTask          : 该图片爬取成功
2019-04-12 16:04:03.250  INFO 29764 --- [tuwanAlbumSpider-pool-0] c.h.j.task.TuwanAlbumSpiderTask          : 获取到图片-------http://img4.tuwandata.com/v3/thumb/jpg/MGRkZSwwLDAsOSwzLDEsLTEsTk9ORSwsLDkw/u/GLDM9lMIBglnFv7YKftLBuGmQlonw4DtQfSp8DlfyUO9SdZz6y8bWgCxalslxpiXur0usLOaiFEvmKdxC35fwmcyuWHyrS7hFEx9JVFBQxd8.jpg
2019-04-12 16:04:03.275  INFO 29764 --- [tuwanAlbumSpider-pool-0] c.h.j.task.TuwanAlbumSpiderTask          : 该图片爬取成功
2019-04-12 16:04:03.368  INFO 29764 --- [tuwanAlbumSpider-pool-0] c.h.j.task.TuwanAlbumSpiderTask          : 获取到图片-------http://img4.tuwandata.com/v3/thumb/jpg/ZTU5OSwwLDAsOSwzLDEsLTEsTk9ORSwsLDkw/u/GLDM9lMIBglnFv7YKftLBuGmQlonw4DtQfSp8DlfyUOssB5keDG16IP88IadMGpGiB9FmPrqQohSEiQzFAevY43S5Q6pCFwEqQWHMrziToYi.jpg
2019-04-12 16:04:03.392  INFO 29764 --- [tuwanAlbumSpider-pool-0] c.h.j.task.TuwanAlbumSpiderTask          : 该图片爬取成功
2019-04-12 16:04:03.479  INFO 29764 --- [tuwanAlbumSpider-pool-0] c.h.j.task.TuwanAlbumSpiderTask          : 获取到图片-------http://img4.tuwandata.com/v3/thumb/jpg/OGJjOSwwLDAsOSwzLDEsLTEsTk9ORSwsLDkw/u/GLDM9lMIBglnFv7YKftLBuGmQlonw4DtQfSp8DlfyUOAOlgVByktsWFGqO1yg8iIfbliC1a2jIx2fJZ8jtzRlFULMlvPR11OAux975rXtewM.jpg
2019-04-12 16:04:03.504  INFO 29764 --- [tuwanAlbumSpider-pool-0] c.h.j.task.TuwanAlbumSpiderTask          : 该图片爬取成功
2019-04-12 16:04:03.590  INFO 29764 --- [tuwanAlbumSpider-pool-0] c.h.j.task.TuwanAlbumSpiderTask          : 获取到图片-------http://img4.tuwandata.com/v3/thumb/jpg/NjYwMSwwLDAsOSwzLDEsLTEsTk9ORSwsLDkw/u/GLDM9lMIBglnFv7YKftLBuGmQlonw4DtQfSp8DlfyUOBZ93X9ienpkFTA15H2oLlXpYFbNLNztKstqaAGzn4JvYaaYNm1uoahZqDUlObmRtD.jpg
2019-04-12 16:04:03.614  INFO 29764 --- [tuwanAlbumSpider-pool-0] c.h.j.task.TuwanAlbumSpiderTask          : 该图片爬取成功
2019-04-12 16:04:03.701  INFO 29764 --- [tuwanAlbumSpider-pool-0] c.h.j.task.TuwanAlbumSpiderTask          : 获取到图片-------http://img4.tuwandata.com/v3/thumb/jpg/OWZjOSwwLDAsOSwzLDEsLTEsTk9ORSwsLDkw/u/GLDM9lMIBglnFv7YKftLBuGmQlonw4DtQfSp8DlfyUOsnaMt81Duy1qUzKyQaeO2ibVaMgZKnGrg54QNN32yfFjdlgmtnczPaV1a0V6KOxeR.jpg
2019-04-12 16:04:03.726  INFO 29764 --- [tuwanAlbumSpider-pool-0] c.h.j.task.TuwanAlbumSpiderTask          : 该图片爬取成功
2019-04-12 16:04:03.812  INFO 29764 --- [tuwanAlbumSpider-pool-0] c.h.j.task.TuwanAlbumSpiderTask          : 获取到图片-------http://img4.tuwandata.com/v3/thumb/jpg/ZWQ3NywwLDAsOSwzLDEsLTEsTk9ORSwsLDkw/u/GLDM9lMIBglnFv7YKftLBuGmQlonw4DtQfSp8DlfyUOsWKpyitHc1eygKVaDDyGmeGuppwwqpSf3hpsWzsgrm4ZuIYrRvUCe7eCu4XrGXjfr.jpg
2019-04-12 16:04:03.837  INFO 29764 --- [tuwanAlbumSpider-pool-0] c.h.j.task.TuwanAlbumSpiderTask          : 该图片爬取成功
2019-04-12 16:04:03.924  INFO 29764 --- [tuwanAlbumSpider-pool-0] c.h.j.task.TuwanAlbumSpiderTask          : 获取到图片-------http://img4.tuwandata.com/v3/thumb/jpg/NzZhNSwwLDAsOSwzLDEsLTEsTk9ORSwsLDkw/u/GLDM9lMIBglnFv7YKftLBuGmQlonw4DtQfSp8DlfyUOs9GGKlRjZY2pMg3tKh7YD8xqPlIUsCZONv8K5aIBzsJDgrmMKa3XSzTZv3KSIkslk.jpg
2019-04-12 16:04:03.948  INFO 29764 --- [tuwanAlbumSpider-pool-0] c.h.j.task.TuwanAlbumSpiderTask          : 该图片爬取成功
2019-04-12 16:04:04.034  INFO 29764 --- [tuwanAlbumSpider-pool-0] c.h.j.task.TuwanAlbumSpiderTask          : 获取到图片-------http://img4.tuwandata.com/v3/thumb/jpg/MzkxYSwwLDAsOSwzLDEsLTEsTk9ORSwsLDkw/u/GLDM9lMIBglnFv7YKftLBuGmQlonw4DtQfSp8DlfyUO9ntE3Ol14PvMGsuSEhfqOlx55dGD6co47Qf8pOu0n4hILKJ3ixZQyTrCEBXpowBTn.jpg
2019-04-12 16:04:04.060  INFO 29764 --- [tuwanAlbumSpider-pool-0] c.h.j.task.TuwanAlbumSpiderTask          : 该图片爬取成功
2019-04-12 16:04:04.168  INFO 29764 --- [tuwanAlbumSpider-pool-0] c.h.j.task.TuwanAlbumSpiderTask          : 获取到图片-------http://img4.tuwandata.com/v3/thumb/jpg/ODk0MiwwLDAsOSwzLDEsLTEsTk9ORSwsLDkw/u/GLDM9lMIBglnFv7YKftLBuGmQlonw4DtQfSp8DlfyUO9S8VCM9CfGRy9EoNpLBp7EXcf6rB7Qnk2gXpUIAvrtEvXwjtKWgKpOwXaEiSmLbNe.jpg
2019-04-12 16:04:04.192  INFO 29764 --- [tuwanAlbumSpider-pool-0] c.h.j.task.TuwanAlbumSpiderTask          : 该图片爬取成功
2019-04-12 16:04:04.279  INFO 29764 --- [tuwanAlbumSpider-pool-0] c.h.j.task.TuwanAlbumSpiderTask          : 获取到图片-------http://img4.tuwandata.com/v3/thumb/jpg/OGUyOCwwLDAsOSwzLDEsLTEsTk9ORSwsLDkw/u/GLDM9lMIBglnFv7YKftLBuGmQlonw4DtQfSp8DlfyUO7CXRRufvBFq1ndGoEp8RP9dDrhbyLk4CgsSpoj6MnP5wCghEEPXnK2bg7bvUa1rfg.jpg
2019-04-12 16:04:04.305  INFO 29764 --- [tuwanAlbumSpider-pool-0] c.h.j.task.TuwanAlbumSpiderTask          : 该图片爬取成功
2019-04-12 16:04:04.390  INFO 29764 --- [tuwanAlbumSpider-pool-0] c.h.j.task.TuwanAlbumSpiderTask          : 获取到图片-------http://img4.tuwandata.com/v3/thumb/jpg/OTc5NSwwLDAsOSwzLDEsLTEsTk9ORSwsLDkw/u/GLDM9lMIBglnFv7YKftLBuGmQlonw4DtQfSp8DlfyUOrU0Xw9ORQKg3O1Pqput8lfHs2OVONZgcFA4nRPbD0zwaknEJovuL0bA0QHvGiifEd.jpg
2019-04-12 16:04:04.431  INFO 29764 --- [tuwanAlbumSpider-pool-0] c.h.j.task.TuwanAlbumSpiderTask          : 该图片爬取成功
2019-04-12 16:04:04.523  INFO 29764 --- [tuwanAlbumSpider-pool-0] c.h.j.task.TuwanAlbumSpiderTask          : 获取到图片-------http://img4.tuwandata.com/v3/thumb/jpg/YzU4OCwwLDAsOSwzLDEsLTEsTk9ORSwsLDkw/u/GLDM9lMIBglnFv7YKftLBuGmQlonw4DtQfSp8DlfyUO9IhENUwU6qtIIRP7LKJduK4RqmzGhbMQ18ozlPUJBI8vm4y3XUhNMoWqlrfdeWrIN.jpg
2019-04-12 16:04:04.550  INFO 29764 --- [tuwanAlbumSpider-pool-0] c.h.j.task.TuwanAlbumSpiderTask          : 该图片爬取成功
2019-04-12 16:04:04.635  INFO 29764 --- [tuwanAlbumSpider-pool-0] c.h.j.task.TuwanAlbumSpiderTask          : 获取到图片-------http://img4.tuwandata.com/v3/thumb/jpg/ZjFiNiwwLDAsOSwzLDEsLTEsTk9ORSwsLDkw/u/GLDM9lMIBglnFv7YKftLBuGmQlonw4DtQfSp8DlfyUO9Cn1uvG9ip28Wau5kDvbs9BXxr2TKXsLQPeiQSNNQVJP4VMwpmpGFHmxZx8cbymb4.jpg
2019-04-12 16:04:04.661  INFO 29764 --- [tuwanAlbumSpider-pool-0] c.h.j.task.TuwanAlbumSpiderTask          : 该图片爬取成功
2019-04-12 16:04:04.747  INFO 29764 --- [tuwanAlbumSpider-pool-0] c.h.j.task.TuwanAlbumSpiderTask          : 获取到图片-------http://img4.tuwandata.com/v3/thumb/jpg/MWNmYiwwLDAsOSwzLDEsLTEsTk9ORSwsLDkw/u/GLDM9lMIBglnFv7YKftLBuGmQlonw4DtQfSp8DlfyUOtRcNaLTTtIb5wF9LvTEVckVnxMq7QrmfpQkMVylyMEJNl775up41wIIz9NzuVyZIj.jpg
2019-04-12 16:04:04.772  INFO 29764 --- [tuwanAlbumSpider-pool-0] c.h.j.task.TuwanAlbumSpiderTask          : 该图片爬取成功
2019-04-12 16:04:04.856  INFO 29764 --- [tuwanAlbumSpider-pool-0] c.h.j.task.TuwanAlbumSpiderTask          : 获取到图片-------http://img4.tuwandata.com/v3/thumb/jpg/MzA0NSwwLDAsOSwzLDEsLTEsTk9ORSwsLDkw/u/GLDM9lMIBglnFv7YKftLBuGmQlonw4DtQfSp8DlfyUOrsdk7RuN5WJlAi3aDQeTEXtAXpm2Lafdvqfgl8DNvb9JUqOjJDPwGY1O6zxjOzUzE.jpg
2019-04-12 16:04:04.883  INFO 29764 --- [tuwanAlbumSpider-pool-0] c.h.j.task.TuwanAlbumSpiderTask          : 该图片爬取成功
2019-04-12 16:04:04.968  INFO 29764 --- [tuwanAlbumSpider-pool-0] c.h.j.task.TuwanAlbumSpiderTask          : 获取到图片-------http://img4.tuwandata.com/v3/thumb/jpg/MjI3NSwwLDAsOSwzLDEsLTEsTk9ORSwsLDkw/u/GLDM9lMIBglnFv7YKftLBuGmQlonw4DtQfSp8DlfyUOt2pGUUcflY18YqrbmkIEWU5QzJ7uVv6EZAT1cWNU6UxYNz6pbU9A7kssNIk5b9F2E.jpg
2019-04-12 16:04:04.993  INFO 29764 --- [tuwanAlbumSpider-pool-0] c.h.j.task.TuwanAlbumSpiderTask          : 该图片爬取成功
2019-04-12 16:04:05.080  INFO 29764 --- [tuwanAlbumSpider-pool-0] c.h.j.task.TuwanAlbumSpiderTask          : 获取到图片-------http://img4.tuwandata.com/v3/thumb/jpg/Y2JmYSwwLDAsOSwzLDEsLTEsTk9ORSwsLDkw/u/GLDM9lMIBglnFv7YKftLBuGmQlonw4DtQfSp8DlfyUOeqgpVxwL9oLL0AwmaWU7ACpJG3nYSgmB5a15hF7QSp5SJEo5yGhpJ5hE9SrttR3SY.jpg
2019-04-12 16:04:05.105  INFO 29764 --- [tuwanAlbumSpider-pool-0] c.h.j.task.TuwanAlbumSpiderTask          : 该图片爬取成功
2019-04-12 16:04:05.194  INFO 29764 --- [tuwanAlbumSpider-pool-0] c.h.j.task.TuwanAlbumSpiderTask          : 获取到图片-------http://img4.tuwandata.com/v3/thumb/jpg/ZTVmZiwwLDAsOSwzLDEsLTEsTk9ORSwsLDkw/u/GLDM9lMIBglnFv7YKftLBuGmQlonw4DtQfSp8DlfyUOtp5jALPvjgGNAykq1OhNiL1GhMlTBM1t7CWyLjBWRJGT4siTRMsjuZmOi0dSkhyWG.jpg
2019-04-12 16:04:05.220  INFO 29764 --- [tuwanAlbumSpider-pool-0] c.h.j.task.TuwanAlbumSpiderTask          : 该图片爬取成功
2019-04-12 16:04:05.312  INFO 29764 --- [tuwanAlbumSpider-pool-0] c.h.j.task.TuwanAlbumSpiderTask          : 获取到图片-------http://img4.tuwandata.com/v3/thumb/jpg/NThiMiwwLDAsOSwzLDEsLTEsTk9ORSwsLDkw/u/GLDM9lMIBglnFv7YKftLBuGmQlonw4DtQfSp8DlfyUOBNPNDxQjJ3wbzHG6nQK2bzAo5l3d3TnuZH2oDMvGGiul0hTecXc4DSqBVT8eRRRzB.jpg
2019-04-12 16:04:05.336  INFO 29764 --- [tuwanAlbumSpider-pool-0] c.h.j.task.TuwanAlbumSpiderTask          : 该图片爬取成功
2019-04-12 16:04:05.424  INFO 29764 --- [tuwanAlbumSpider-pool-0] c.h.j.task.TuwanAlbumSpiderTask          : 获取到图片-------http://img4.tuwandata.com/v3/thumb/jpg/ZDk1OCwwLDAsOSwzLDEsLTEsTk9ORSwsLDkw/u/GLDM9lMIBglnFv7YKftLBuGmQlonw4DtQfSp8DlfyUOtya1hzSKm1YtcziHbWlWP29xISDTU4SkMMkaflUfqndluebGYMxGJmGegzEIDCIrI.jpg
2019-04-12 16:04:05.449  INFO 29764 --- [tuwanAlbumSpider-pool-0] c.h.j.task.TuwanAlbumSpiderTask          : 该图片爬取成功
2019-04-12 16:04:05.546  INFO 29764 --- [tuwanAlbumSpider-pool-0] c.h.j.task.TuwanAlbumSpiderTask          : 获取到图片-------http://img4.tuwandata.com/v3/thumb/jpg/MWYzNywwLDAsOSwzLDEsLTEsTk9ORSwsLDkw/u/GLDM9lMIBglnFv7YKftLBuGmQlonw4DtQfSp8DlfyUOArf6UXyDt1c04F2aiBRkg6SXUV08EvGig7ODmRtyCW4h2IndPwKwTOuKoOEbd0RcO.jpg
2019-04-12 16:04:05.569  INFO 29764 --- [tuwanAlbumSpider-pool-0] c.h.j.task.TuwanAlbumSpiderTask          : 该图片爬取成功
2019-04-12 16:04:05.656  INFO 29764 --- [tuwanAlbumSpider-pool-0] c.h.j.task.TuwanAlbumSpiderTask          : 获取到图片-------http://img4.tuwandata.com/v3/thumb/jpg/ZmE2MywwLDAsOSwzLDEsLTEsTk9ORSwsLDkw/u/GLDM9lMIBglnFv7YKftLBuGmQlonw4DtQfSp8DlfyUO7bla2BdYXAIE03mGnzOvVDPkVNCtWpbOFJVPmveDgieP2SC3T0HRGAIdtz3ZsTtwV.jpg
2019-04-12 16:04:05.681  INFO 29764 --- [tuwanAlbumSpider-pool-0] c.h.j.task.TuwanAlbumSpiderTask          : 该图片爬取成功
2019-04-12 16:04:05.779  INFO 29764 --- [tuwanAlbumSpider-pool-0] c.h.j.task.TuwanAlbumSpiderTask          : 获取到图片-------http://img4.tuwandata.com/v3/thumb/jpg/NDM5MywwLDAsOSwzLDEsLTEsTk9ORSwsLDkw/u/GLDM9lMIBglnFv7YKftLBuGmQlonw4DtQfSp8DlfyUOBqZmqe4ZDxU0OsqAPRGDNGL3B8JW584cxLh4etpqjQnNtD2Zp1BTC6r8boSlGTzYC.jpg
2019-04-12 16:04:05.804  INFO 29764 --- [tuwanAlbumSpider-pool-0] c.h.j.task.TuwanAlbumSpiderTask          : 该图片爬取成功
2019-04-12 16:04:05.890  INFO 29764 --- [tuwanAlbumSpider-pool-0] c.h.j.task.TuwanAlbumSpiderTask          : 获取到图片-------http://img4.tuwandata.com/v3/thumb/jpg/YjE1NywwLDAsOSwzLDEsLTEsTk9ORSwsLDkw/u/GLDM9lMIBglnFv7YKftLBuGmQlonw4DtQfSp8DlfyUOAVitAMpOh6sU9Mlb1sxyP8Mfb66R96mPPkl6Kp718aWAuM54qPb5L7HSfHOVaAALd.jpg
2019-04-12 16:04:05.916  INFO 29764 --- [tuwanAlbumSpider-pool-0] c.h.j.task.TuwanAlbumSpiderTask          : 该图片爬取成功
2019-04-12 16:04:06.012  INFO 29764 --- [tuwanAlbumSpider-pool-0] c.h.j.task.TuwanAlbumSpiderTask          : 获取到图片-------http://img4.tuwandata.com/v3/thumb/jpg/ZjU2MCwwLDAsOSwzLDEsLTEsTk9ORSwsLDkw/u/GLDM9lMIBglnFv7YKftLBuGmQlonw4DtQfSp8DlfyUOBOxnoX8joidhOCxinINYEVYf3oam4RG6eAOfRNHqUuJRbfKyJCXxrrdLgHkddA093.jpg
2019-04-12 16:04:06.040  INFO 29764 --- [tuwanAlbumSpider-pool-0] c.h.j.task.TuwanAlbumSpiderTask          : 该图片爬取成功
2019-04-12 16:04:06.135  INFO 29764 --- [tuwanAlbumSpider-pool-0] c.h.j.task.TuwanAlbumSpiderTask          : 获取到图片-------http://img4.tuwandata.com/v3/thumb/jpg/MjA5ZSwwLDAsOSwzLDEsLTEsTk9ORSwsLDkw/u/GLDM9lMIBglnFv7YKftLBuGmQlonw4DtQfSp8DlfyUOAb84ZpNZpKC58C0dD5EDyxXVx3mQW0YIYcdaPD0uQ9HxuPo8Mp2ZB79aK8T6oI635.jpg
2019-04-12 16:04:06.159  INFO 29764 --- [tuwanAlbumSpider-pool-0] c.h.j.task.TuwanAlbumSpiderTask          : 该图片爬取成功
2019-04-12 16:04:06.256  INFO 29764 --- [tuwanAlbumSpider-pool-0] c.h.j.task.TuwanAlbumSpiderTask          : 获取到图片-------http://img4.tuwandata.com/v3/thumb/jpg/ZWU4NSwwLDAsOSwzLDEsLTEsTk9ORSwsLDkw/u/GLDM9lMIBglnFv7YKftLBuGmQlonw4DtQfSp8DlfyUOtRt32e5ornCDDRjtJx0GTjflNQHbvjdqlaSFCCt94kWl1TDeWJRm6s8PYrgPh9E5z.jpg
2019-04-12 16:04:06.280  INFO 29764 --- [tuwanAlbumSpider-pool-0] c.h.j.task.TuwanAlbumSpiderTask          : 该图片爬取成功
2019-04-12 16:04:06.368  INFO 29764 --- [tuwanAlbumSpider-pool-0] c.h.j.task.TuwanAlbumSpiderTask          : 获取到图片-------http://img4.tuwandata.com/v3/thumb/jpg/ZGMzZCwwLDAsOSwzLDEsLTEsTk9ORSwsLDkw/u/GLDM9lMIBglnFv7YKftLBuGmQlonw4DtQfSp8DlfyUOtSGrKM1AbeEgJqwLPi5fGAKSuOb9kOzQBT5v2cObkCb5BbahZMqYkJj0eSCBMWJcW.jpg
2019-04-12 16:04:06.392  INFO 29764 --- [tuwanAlbumSpider-pool-0] c.h.j.task.TuwanAlbumSpiderTask          : 该图片爬取成功
2019-04-12 16:04:06.479  INFO 29764 --- [tuwanAlbumSpider-pool-0] c.h.j.task.TuwanAlbumSpiderTask          : 获取到图片-------http://img4.tuwandata.com/v3/thumb/jpg/YTc2ZiwwLDAsOSwzLDEsLTEsTk9ORSwsLDkw/u/GLDM9lMIBglnFv7YKftLBuGmQlonw4DtQfSp8DlfyUOB0kQhyOD2Y0pOFya0k91IQeby29Rdz4s0LQy6SQmiO0GAMQEAmYYbTAC5S2hOuioD.jpg
2019-04-12 16:04:06.505  INFO 29764 --- [tuwanAlbumSpider-pool-0] c.h.j.task.TuwanAlbumSpiderTask          : 该图片爬取成功
2019-04-12 16:04:06.601  INFO 29764 --- [tuwanAlbumSpider-pool-0] c.h.j.task.TuwanAlbumSpiderTask          : 获取到图片-------http://img4.tuwandata.com/v3/thumb/jpg/NzJlYSwwLDAsOSwzLDEsLTEsTk9ORSwsLDkw/u/GLDM9lMIBglnFv7YKftLBuGmQlonw4DtQfSp8DlfyUOAjJov2BI72YRoEbDXlhCC9FpEX63vv3v0DGJ62oxhHtYaqkVIGXZV8vDLs5tiLTmV.jpg
2019-04-12 16:04:06.629  INFO 29764 --- [tuwanAlbumSpider-pool-0] c.h.j.task.TuwanAlbumSpiderTask          : 该图片爬取成功
2019-04-12 16:04:06.723  INFO 29764 --- [tuwanAlbumSpider-pool-0] c.h.j.task.TuwanAlbumSpiderTask          : 获取到图片-------http://img4.tuwandata.com/v3/thumb/jpg/YThiNSwwLDAsOSwzLDEsLTEsTk9ORSwsLDkw/u/GLDM9lMIBglnFv7YKftLBuGmQlonw4DtQfSp8DlfyUOtWboQT1F4u9kEciqMiYgdHH8C3jMuZlp5V2kGWeei8vOONB0DDbMxFSlOBsskyRCZ.jpg
2019-04-12 16:04:06.749  INFO 29764 --- [tuwanAlbumSpider-pool-0] c.h.j.task.TuwanAlbumSpiderTask          : 该图片爬取成功
2019-04-12 16:04:06.846  INFO 29764 --- [tuwanAlbumSpider-pool-0] c.h.j.task.TuwanAlbumSpiderTask          : 获取到图片-------http://img4.tuwandata.com/v3/thumb/jpg/MWYyNSwwLDAsOSwzLDEsLTEsTk9ORSwsLDkw/u/GLDM9lMIBglnFv7YKftLBuGmQlonw4DtQfSp8DlfyUOBgve0SJdrwIGKMCJzzc1BnIIsVBw0jlhMZQN1sDu6yItyQrSESBHwLjOqNDAyc8ua.jpg
2019-04-12 16:04:06.873  INFO 29764 --- [tuwanAlbumSpider-pool-0] c.h.j.task.TuwanAlbumSpiderTask          : 该图片爬取成功
2019-04-12 16:04:06.967  INFO 29764 --- [tuwanAlbumSpider-pool-0] c.h.j.task.TuwanAlbumSpiderTask          : 获取到图片-------http://img4.tuwandata.com/v3/thumb/jpg/MGRlNCwwLDAsOSwzLDEsLTEsTk9ORSwsLDkw/u/GLDM9lMIBglnFv7YKftLBuGmQlonw4DtQfSp8DlfyUOrE0hpqDRqwMrGuPblQOMHb42pW7RlQLDHbIxdLbVhez3Bp5MKr91vHorPxSBvlXPz.jpg
2019-04-12 16:04:06.991  INFO 29764 --- [tuwanAlbumSpider-pool-0] c.h.j.task.TuwanAlbumSpiderTask          : 该图片爬取成功
2019-04-12 16:04:07.124  INFO 29764 --- [tuwanAlbumSpider-pool-0] c.h.j.task.TuwanAlbumSpiderTask          : tuwan album spider task finish!，爬虫结束
2019-04-12 16:17:30.712  INFO 29764 --- [http-nio-8088-exec-5] c.h.j.c.TuwanAlbumSpiderController       : ************目标地址？or爬取的地址=https://api.tuwan.com/apps/Welfare/detail***************
2019-04-12 16:17:30.713  INFO 29764 --- [http-nio-8088-exec-5] c.h.j.c.TuwanAlbumSpiderController       : ************爬虫任务名=tuwanAlbumSpiderTask***************
2019-04-12 16:17:30.714  INFO 29764 --- [tuwanAlbumSpider-pool-0] c.h.j.task.TuwanAlbumSpiderTask          : tuwan album spider start！,爬虫开始
2019-04-12 16:17:31.030  INFO 29764 --- [tuwanAlbumSpider-pool-0] c.h.j.task.TuwanAlbumSpiderTask          : ----------index=1499------------
2019-04-12 16:17:31.030  INFO 29764 --- [tuwanAlbumSpider-pool-0] c.h.j.task.TuwanAlbumSpiderTask          : ******title=猫耳与少女*********
2019-04-12 16:17:31.065  INFO 29764 --- [tuwanAlbumSpider-pool-0] c.h.j.task.TuwanAlbumSpiderTask          : ************boolean=41***********
2019-04-12 16:17:31.186  INFO 29764 --- [tuwanAlbumSpider-pool-0] c.h.j.task.TuwanAlbumSpiderTask          : ----------index=1500------------
2019-04-12 16:17:31.187  INFO 29764 --- [tuwanAlbumSpider-pool-0] c.h.j.task.TuwanAlbumSpiderTask          : ******title=牛仔高跟鞋*********
2019-04-12 16:17:31.221  INFO 29764 --- [tuwanAlbumSpider-pool-0] c.h.j.task.TuwanAlbumSpiderTask          : ************boolean=42***********
2019-04-12 16:17:31.262  INFO 29764 --- [tuwanAlbumSpider-pool-0] c.h.j.task.TuwanAlbumSpiderTask          : tuwan album spider task finish!，爬虫结束
